2017-04-24 14:15:35,394 INFO  [main] com.sap.jpaas.infrastructure.console.ConsoleLogger: Arguments:   -a s0017140910trial -u s0017140910 -h hanatrial.ondemand.com -i Default -p ********
2017-04-24 14:15:36,229 INFO  [main] com.sap.jpaas.infrastructure.console.ConsoleLogger: Starting execution of command [open-db-tunnel]
2017-04-24 14:15:36,306 INFO  [pool-2-thread-1] com.sap.jpaas.infrastructure.console.ConsoleLogger: No SDK status file for your configuration was found. A version validity check will be performed.
2017-04-24 14:15:36,307 INFO  [pool-2-thread-1] com.sap.jpaas.infrastructure.console.ConsoleLogger: Currently running SDK version validity check for user SDK version: 1.125.24.2, landscape: hanatrial.ondemand.com and runtime: neo-java-web
2017-04-24 14:15:37,182 INFO  [main] com.sap.jpaas.infrastructure.console.ConsoleLogger: There is no tools page available on host hanatrial.ondemand.com. The default tools page on host hana.ondemand.com will be used instead.
2017-04-24 14:15:37,184 INFO  [pool-3-thread-1] com.sap.jpaas.infrastructure.console.PropertyFileProvider: Loaded properties file [C:\Users\ANA~1.COS\AppData\Local\Temp\sdkcheck.hana.ondemand.com.neo-java-web.1.125.24.2.tmp]
2017-04-24 14:15:37,185 INFO  [main] com.sap.jpaas.infrastructure.console.ConsoleLogger: Command [open-db-tunnel] init() finished for [956] ms
2017-04-24 14:15:37,192 INFO  [main] com.sap.core.tunnelcommands.framework.executor.CommandTunnelRequestExecutor: CommandTunnelRequestExecutor.executeRequest() called for command [open-db-tunnel] (version: 0.55.0)
2017-04-24 14:15:38,580 INFO  [main] com.sap.jpaas.infrastructure.console.ConsoleLogger: Command [open-db-tunnel] cleanup() finished for [0] ms
2017-04-24 14:15:38,585 FATAL [main] com.sap.jpaas.infrastructure.console.ConsoleLogger: (!) ERROR; Wrong credentials. Enter correct user name and password. Note that your user will be locked after 5 consecutive failed authentication attempts.
com.sap.jpaas.infrastructure.console.exception.SecurityException
	at com.sap.core.tunnelcommands.framework.executor.HttpClientProvider.createClientWithBasicAuthentication(HttpClientProvider.java:45)
	at com.sap.core.tunnelcommands.framework.executor.HttpClientProvider.createClientWithBasicAuth(HttpClientProvider.java:33)
	at com.sap.core.tunnelcommands.framework.executor.CommandTunnelRequestExecutor.getClientWithBasicAuth(CommandTunnelRequestExecutor.java:154)
	at com.sap.core.tunnelcommands.framework.executor.CommandTunnelRequestExecutor.executeRequest(CommandTunnelRequestExecutor.java:51)
	at com.sap.core.tunnelcommands.framework.executor.CommandTunnelRequestExecutor.executeRequest(CommandTunnelRequestExecutor.java:39)
	at com.sap.core.persistence.commands.tunnel.api.CommandTunnelHandler.performOpenTunnelRequest(CommandTunnelHandler.java:263)
	at com.sap.core.persistence.commands.tunnel.api.CommandTunnelHandler.openTunnel(CommandTunnelHandler.java:133)
	at com.sap.core.persistence.commands.tunnel.OpenDbTunnelCommand.openTunnelInShellProcess(OpenDbTunnelCommand.java:197)
	at com.sap.core.persistence.commands.tunnel.OpenDbTunnelCommand.run(OpenDbTunnelCommand.java:135)
	at com.sap.jpaas.infrastructure.console.CommandManager.run(CommandManager.java:183)
	at com.sap.jpaas.infrastructure.console.CommandManager.run(CommandManager.java:144)
	at com.sap.jpaas.infrastructure.console.ConsoleClient.executeCommand(ConsoleClient.java:238)
	at com.sap.jpaas.infrastructure.console.ConsoleClient.run(ConsoleClient.java:183)
	at com.sap.jpaas.infrastructure.console.ConsoleClient.main(ConsoleClient.java:79)
Caused by: com.sap.core.utils.infrastructure.validation.AuthenticationException: Wrong credentials. Enter correct user name and password. Note that your user will be locked after 5 consecutive failed authentication attempts.
	at com.sap.core.utils.infrastructure.validation.LandscapeHostValidator.validateHttpResponseStatus(LandscapeHostValidator.java:437)
	at com.sap.core.utils.infrastructure.validation.LandscapeHostValidator.authenticationCheck(LandscapeHostValidator.java:385)
	at com.sap.core.utils.infrastructure.validation.LandscapeHostValidator.getHttpClient(LandscapeHostValidator.java:352)
	at com.sap.core.tunnelcommands.framework.executor.HttpClientProvider.createClientWithBasicAuthentication(HttpClientProvider.java:40)
	... 13 more
