2017-04-24 14:17:32,485 INFO  [main] com.sap.jpaas.infrastructure.console.ConsoleLogger: Arguments:   -a s0017140910trial -u s0017140910 -h hanatrial.ondemand.com -i 155.56.128.0/17
2017-04-24 14:17:33,324 INFO  [main] com.sap.jpaas.infrastructure.console.ConsoleLogger: Starting execution of command [open-db-tunnel]
2017-04-24 14:17:33,408 INFO  [pool-2-thread-1] com.sap.jpaas.infrastructure.console.ConsoleLogger: No SDK status file for your configuration was found. A version validity check will be performed.
2017-04-24 14:17:33,409 INFO  [pool-2-thread-1] com.sap.jpaas.infrastructure.console.ConsoleLogger: Currently running SDK version validity check for user SDK version: 1.125.24.2, landscape: hanatrial.ondemand.com and runtime: neo-java-web
2017-04-24 14:17:34,145 INFO  [main] com.sap.jpaas.infrastructure.console.ConsoleLogger: There is no tools page available on host hanatrial.ondemand.com. The default tools page on host hana.ondemand.com will be used instead.
2017-04-24 14:17:34,148 INFO  [pool-3-thread-1] com.sap.jpaas.infrastructure.console.PropertyFileProvider: Loaded properties file [C:\Users\ANA~1.COS\AppData\Local\Temp\sdkcheck.hana.ondemand.com.neo-java-web.1.125.24.2.tmp]
2017-04-24 14:17:34,149 INFO  [main] com.sap.jpaas.infrastructure.console.ConsoleLogger: Command [open-db-tunnel] init() finished for [825] ms
2017-04-24 14:17:50,556 INFO  [main] com.sap.core.tunnelcommands.framework.executor.CommandTunnelRequestExecutor: CommandTunnelRequestExecutor.executeRequest() called for command [open-db-tunnel] (version: 0.55.0)
2017-04-24 14:17:51,719 INFO  [main] com.sap.jpaas.infrastructure.console.ConsoleLogger: Command [open-db-tunnel] cleanup() finished for [0] ms
2017-04-24 14:17:51,729 FATAL [main] com.sap.jpaas.infrastructure.console.ConsoleLogger: (!) ERROR: Unexpected exception occurred
com.sap.jpaas.infrastructure.console.exception.CommandException: Unexpected exception occurred
	at com.sap.core.tunnelcommands.framework.executor.CommandTunnelRequestExecutor.wrapAndThrowCommandException(CommandTunnelRequestExecutor.java:162)
	at com.sap.core.tunnelcommands.framework.executor.CommandTunnelRequestExecutor.executeRequest(CommandTunnelRequestExecutor.java:97)
	at com.sap.core.tunnelcommands.framework.executor.CommandTunnelRequestExecutor.executeRequest(CommandTunnelRequestExecutor.java:39)
	at com.sap.core.persistence.commands.tunnel.api.CommandTunnelHandler.performOpenTunnelRequest(CommandTunnelHandler.java:263)
	at com.sap.core.persistence.commands.tunnel.api.CommandTunnelHandler.openTunnel(CommandTunnelHandler.java:133)
	at com.sap.core.persistence.commands.tunnel.OpenDbTunnelCommand.openTunnelInShellProcess(OpenDbTunnelCommand.java:197)
	at com.sap.core.persistence.commands.tunnel.OpenDbTunnelCommand.run(OpenDbTunnelCommand.java:135)
	at com.sap.jpaas.infrastructure.console.CommandManager.run(CommandManager.java:183)
	at com.sap.jpaas.infrastructure.console.CommandManager.run(CommandManager.java:144)
	at com.sap.jpaas.infrastructure.console.ConsoleClient.executeCommand(ConsoleClient.java:238)
	at com.sap.jpaas.infrastructure.console.ConsoleClient.run(ConsoleClient.java:183)
	at com.sap.jpaas.infrastructure.console.ConsoleClient.main(ConsoleClient.java:79)
Caused by: java.lang.Exception: Unexpected exception occurred
	... 12 more
Caused by: java.lang.NullPointerException
	at com.sap.core.persistence.commands.tunnel.api.OpenDbTunnelConsumer.consume(OpenDbTunnelConsumer.java:31)
	at com.sap.core.tunnelcommands.framework.executor.CommandTunnelRequestExecutor.executeRequest(CommandTunnelRequestExecutor.java:89)
	... 10 more
