2017-04-24 16:53:38,802 INFO  [main] com.sap.jpaas.infrastructure.console.ConsoleLogger: Arguments:   -h hana.ondemand.com -a s017169387trial -b mytestapp -u s0017169387 -s persistence-with-jdbc.war
2017-04-24 16:53:39,625 INFO  [main] com.sap.jpaas.infrastructure.console.ConsoleLogger: Starting execution of command [deploy]
2017-04-24 16:53:39,711 INFO  [pool-2-thread-1] com.sap.jpaas.infrastructure.console.PropertyFileProvider: Loaded properties file [C:\Users\ANA~1.COS\AppData\Local\Temp\sdkcheck.hana.ondemand.com.neo-java-web.1.125.24.2.tmp]
2017-04-24 16:53:39,714 INFO  [main] com.sap.jpaas.infrastructure.console.ConsoleLogger: Command [deploy] init() finished for [89] ms
2017-04-24 16:53:57,991 INFO  [main] com.sap.core.deploy.client.cmd.helpers.DeployHelper: Deployment started for [s017169387trial/mytestapp/web] with descriptor [Descriptor{attributes={update_sites=persistence-with-jdbc.war, iu_version=0.0.0, runtimeId=neo-java-web, runtimeVersion=1, perm_storage_size=10, jpaas_services=["all"], elasticity.data={"minVmCount":1,"maxVmCount":1}, perm_storage_local_path=permanent_storage, perm_storage_mode=none}, services=null, containerType=3}]
2017-04-24 16:53:57,998 INFO  [main] com.sap.core.deploy.client.impl.DeployFeedbackHelper: Deploy started
2017-04-24 16:53:57,999 INFO  [main] com.sap.core.deploy.client.impl.DeployerImpl: Starting deployment of application [s017169387trial/mytestapp]
2017-04-24 16:53:58,444 INFO  [main] com.sap.core.deploy.client.publicrest.impl.DeployClient: Deploy with delta option [false]
2017-04-24 16:53:58,450 INFO  [main] com.sap.core.deploy.client.publicrest.impl.BasicClient: NOTE: csrfToken init >> Mon Apr 24 16:53:58 BST 2017
2017-04-24 16:53:59,004 INFO  [main] com.sap.core.deploy.client.publicrest.impl.BasicClient: csrfToken = [DE79BED5B4710E0B1239ADCD5103300E]
2017-04-24 16:53:59,172 ERROR [main] com.sap.core.deploy.client.impl.requests.BasicRequest: Exception occured: {"code":"c91d9686-6aca-4efd-8113-4993a7e2f03c","description":"Account s017169387trial does not exist"}
2017-04-24 16:53:59,174 INFO  [main] com.sap.core.deploy.commons.log.StringFormatLoggerWrapper: UpdateApplication request failed with response code 404 and error message [Account s017169387trial does not exist]. The application s017169387trial/mytestapp may not exist (see NGPBUG-16650). Will re-attempt deployment with CreateApplication request
2017-04-24 16:53:59,240 ERROR [main] com.sap.core.deploy.client.impl.requests.BasicRequest: Exception occured: {"code":"77f23c6c-581a-47a6-8801-82e9b3efc941","description":"Account s017169387trial does not exist"}
2017-04-24 16:53:59,241 INFO  [main] com.sap.core.deploy.client.impl.DeployFeedbackHelper: Deploy finished. Success: false
2017-04-24 16:53:59,241 INFO  [main] com.sap.core.deploy.client.impl.DeployerImpl: Deployment operation of application [s017169387trial/mytestapp] finished for [1243] ms
2017-04-24 16:53:59,248 INFO  [main] com.sap.jpaas.infrastructure.console.ConsoleLogger: Command [deploy] cleanup() finished for [2] ms
2017-04-24 16:53:59,265 FATAL [main] com.sap.jpaas.infrastructure.console.ConsoleLogger: (!) ERROR: Account s017169387trial does not exist

com.sap.jpaas.infrastructure.console.exception.CommandException: Account s017169387trial does not exist

	at com.sap.core.deploy.client.cmd.util.DeployDumpHelper.produceException(DeployDumpHelper.java:356)
	at com.sap.core.deploy.client.cmd.util.DeployDumpHelper.printAndCheckDeployResult(DeployDumpHelper.java:382)
	at com.sap.core.deploy.client.cmd.helpers.DeployHelper.deployOperation(DeployHelper.java:224)
	at com.sap.core.deploy.client.cmd.helpers.DeployHelper.deploy(DeployHelper.java:183)
	at com.sap.core.deploy.client.cmd.commands.DeployCommand.run(DeployCommand.java:55)
	at com.sap.jpaas.infrastructure.console.CommandManager.run(CommandManager.java:183)
	at com.sap.jpaas.infrastructure.console.CommandManager.run(CommandManager.java:144)
	at com.sap.jpaas.infrastructure.console.ConsoleClient.executeCommand(ConsoleClient.java:238)
	at com.sap.jpaas.infrastructure.console.ConsoleClient.run(ConsoleClient.java:183)
	at com.sap.jpaas.infrastructure.console.ConsoleClient.main(ConsoleClient.java:79)
