2017-04-24 16:14:03,286 INFO  [main] com.sap.jpaas.infrastructure.console.ConsoleLogger: Arguments:   -h hana.ondemand.com -a s0017140910trial -b mytestapp -u s0017140910 -s persistence-with-jdbc.war
2017-04-24 16:14:04,125 INFO  [main] com.sap.jpaas.infrastructure.console.ConsoleLogger: Starting execution of command [deploy]
2017-04-24 16:14:04,204 INFO  [pool-2-thread-1] com.sap.jpaas.infrastructure.console.PropertyFileProvider: Loaded properties file [C:\Users\ANA~1.COS\AppData\Local\Temp\sdkcheck.hana.ondemand.com.neo-java-web.1.125.24.2.tmp]
2017-04-24 16:14:04,207 INFO  [main] com.sap.jpaas.infrastructure.console.ConsoleLogger: Command [deploy] init() finished for [82] ms
2017-04-24 16:14:23,153 INFO  [main] com.sap.core.deploy.client.cmd.helpers.DeployHelper: Deployment started for [s0017140910trial/mytestapp/web] with descriptor [Descriptor{attributes={update_sites=persistence-with-jdbc.war, iu_version=0.0.0, runtimeId=neo-java-web, runtimeVersion=1, perm_storage_size=10, jpaas_services=["all"], elasticity.data={"minVmCount":1,"maxVmCount":1}, perm_storage_local_path=permanent_storage, perm_storage_mode=none}, services=null, containerType=3}]
2017-04-24 16:14:23,158 INFO  [main] com.sap.core.deploy.client.impl.DeployFeedbackHelper: Deploy started
2017-04-24 16:14:23,159 INFO  [main] com.sap.core.deploy.client.impl.DeployerImpl: Starting deployment of application [s0017140910trial/mytestapp]
2017-04-24 16:14:23,558 INFO  [main] com.sap.core.deploy.client.publicrest.impl.DeployClient: Deploy with delta option [false]
2017-04-24 16:14:23,571 INFO  [main] com.sap.core.deploy.client.publicrest.impl.BasicClient: NOTE: csrfToken init >> Mon Apr 24 16:14:23 BST 2017
2017-04-24 16:14:24,081 INFO  [main] com.sap.core.deploy.client.publicrest.impl.BasicClient: csrfToken = [6FA7C6D12CB2B216388BBE61F3448C36]
2017-04-24 16:14:24,325 ERROR [main] com.sap.core.deploy.client.impl.requests.BasicRequest: Exception occured: {"code":"73bd808c-d2af-49ef-8cce-8440701e9e14","description":"Account s0017140910trial does not exist"}
2017-04-24 16:14:24,327 INFO  [main] com.sap.core.deploy.commons.log.StringFormatLoggerWrapper: UpdateApplication request failed with response code 404 and error message [Account s0017140910trial does not exist]. The application s0017140910trial/mytestapp may not exist (see NGPBUG-16650). Will re-attempt deployment with CreateApplication request
2017-04-24 16:14:24,391 ERROR [main] com.sap.core.deploy.client.impl.requests.BasicRequest: Exception occured: {"code":"13bfc976-823f-4f2e-9cb9-c7bf39cc3045","description":"Account s0017140910trial does not exist"}
2017-04-24 16:14:24,392 INFO  [main] com.sap.core.deploy.client.impl.DeployFeedbackHelper: Deploy finished. Success: false
2017-04-24 16:14:24,392 INFO  [main] com.sap.core.deploy.client.impl.DeployerImpl: Deployment operation of application [s0017140910trial/mytestapp] finished for [1234] ms
2017-04-24 16:14:24,396 INFO  [main] com.sap.jpaas.infrastructure.console.ConsoleLogger: Command [deploy] cleanup() finished for [1] ms
2017-04-24 16:14:24,406 FATAL [main] com.sap.jpaas.infrastructure.console.ConsoleLogger: (!) ERROR: Account s0017140910trial does not exist

com.sap.jpaas.infrastructure.console.exception.CommandException: Account s0017140910trial does not exist

	at com.sap.core.deploy.client.cmd.util.DeployDumpHelper.produceException(DeployDumpHelper.java:356)
	at com.sap.core.deploy.client.cmd.util.DeployDumpHelper.printAndCheckDeployResult(DeployDumpHelper.java:382)
	at com.sap.core.deploy.client.cmd.helpers.DeployHelper.deployOperation(DeployHelper.java:224)
	at com.sap.core.deploy.client.cmd.helpers.DeployHelper.deploy(DeployHelper.java:183)
	at com.sap.core.deploy.client.cmd.commands.DeployCommand.run(DeployCommand.java:55)
	at com.sap.jpaas.infrastructure.console.CommandManager.run(CommandManager.java:183)
	at com.sap.jpaas.infrastructure.console.CommandManager.run(CommandManager.java:144)
	at com.sap.jpaas.infrastructure.console.ConsoleClient.executeCommand(ConsoleClient.java:238)
	at com.sap.jpaas.infrastructure.console.ConsoleClient.run(ConsoleClient.java:183)
	at com.sap.jpaas.infrastructure.console.ConsoleClient.main(ConsoleClient.java:79)
